<?xml version="1.0" encoding="UTF-8"?>
<testsuite name="PingPongTest" tests="4" skipped="0" failures="0" errors="0" timestamp="2016-04-18T21:00:13" hostname="epicodus-67.local" time="0.002">
  <properties/>
  <testcase name="pingPong_insertPingWhenDivisibleByThree_Array" classname="PingPongTest" time="0.001"/>
  <testcase name="pingPong_insertPingPongWhenDivisibleByFifteen_Array" classname="PingPongTest" time="0.0"/>
  <testcase name="pingPong_countUpToGivenNumber_Array" classname="PingPongTest" time="0.0"/>
  <testcase name="pingPong_insertPongWhenDivisibleByFive_Array" classname="PingPongTest" time="0.0"/>
  <system-out><![CDATA[]]></system-out>
  <system-err><![CDATA[]]></system-err>
</testsuite>
